# JRE version: Java(TM) SE Runtime Environment (8.0_311-b11) (build 1.8.0_311-b11)
# Java VM: Java HotSpot(TM) 64-Bit Server VM (25.311-b11 mixed mode windows-amd64 compressed oops)
Heap:
 PSYoungGen      total 1018880K, used 126695K [0x000000076b980000, 0x00000007ac080000, 0x00000007c0000000)
  eden space 999936K, 12% used [0x000000076b980000,0x0000000773539e50,0x00000007a8a00000)
  from space 18944K, 0% used [0x00000007aae00000,0x00000007aae00000,0x00000007ac080000)
  to   space 25088K, 0% used [0x00000007a8f80000,0x00000007a8f80000,0x00000007aa800000)
 ParOldGen       total 272384K, used 42566K [0x00000006c2c00000, 0x00000006d3600000, 0x000000076b980000)
  object space 272384K, 15% used [0x00000006c2c00000,0x00000006c5591a28,0x00000006d3600000)
 Metaspace       used 95027K, capacity 100532K, committed 100800K, reserved 1138688K
  class space    used 11575K, capacity 12489K, committed 12544K, reserved 1048576K
GC Heap History (10 events):
Event: 14.994 GC heap before
{Heap before GC invocations=12 (full 3):
 PSYoungGen      total 688640K, used 16887K [0x000000076b980000, 0x000000079fa80000, 0x00000007c0000000)
  eden space 671744K, 0% used [0x000000076b980000,0x000000076b980000,0x0000000794980000)
  from space 16896K, 99% used [0x0000000794980000,0x00000007959fdd38,0x0000000795a00000)
  to   space 19456K, 0% used [0x000000079e780000,0x000000079e780000,0x000000079fa80000)
 ParOldGen       total 138752K, used 18883K [0x00000006c2c00000, 0x00000006cb380000, 0x000000076b980000)
  object space 138752K, 13% used [0x00000006c2c00000,0x00000006c3e70e00,0x00000006cb380000)
 Metaspace       used 56196K, capacity 58810K, committed 59096K, reserved 1101824K
  class space    used 6849K, capacity 7326K, committed 7424K, reserved 1048576K
Event: 15.119 GC heap after
Heap after GC invocations=12 (full 3):
 PSYoungGen      total 688640K, used 0K [0x000000076b980000, 0x000000079fa80000, 0x00000007c0000000)
  eden space 671744K, 0% used [0x000000076b980000,0x000000076b980000,0x0000000794980000)
  from space 16896K, 0% used [0x0000000794980000,0x0000000794980000,0x0000000795a00000)
  to   space 19456K, 0% used [0x000000079e780000,0x000000079e780000,0x000000079fa80000)
 ParOldGen       total 193536K, used 27358K [0x00000006c2c00000, 0x00000006ce900000, 0x000000076b980000)
  object space 193536K, 14% used [0x00000006c2c00000,0x00000006c46b7928,0x00000006ce900000)
 Metaspace       used 56196K, capacity 58810K, committed 59096K, reserved 1101824K
  class space    used 6849K, capacity 7326K, committed 7424K, reserved 1048576K
}
Event: 20.519 GC heap before
{Heap before GC invocations=13 (full 3):
 PSYoungGen      total 688640K, used 671744K [0x000000076b980000, 0x000000079fa80000, 0x00000007c0000000)
  eden space 671744K, 100% used [0x000000076b980000,0x0000000794980000,0x0000000794980000)
  from space 16896K, 0% used [0x0000000794980000,0x0000000794980000,0x0000000795a00000)
  to   space 19456K, 0% used [0x000000079e780000,0x000000079e780000,0x000000079fa80000)
 ParOldGen       total 193536K, used 27358K [0x00000006c2c00000, 0x00000006ce900000, 0x000000076b980000)
  object space 193536K, 14% used [0x00000006c2c00000,0x00000006c46b7928,0x00000006ce900000)
 Metaspace       used 76066K, capacity 79750K, committed 80088K, reserved 1120256K
  class space    used 9227K, capacity 9858K, committed 9984K, reserved 1048576K
Event: 20.559 GC heap after
Heap after GC invocations=13 (full 3):
 PSYoungGen      total 829440K, used 19455K [0x000000076b980000, 0x00000007a2600000, 0x00000007c0000000)
  eden space 809984K, 0% used [0x000000076b980000,0x000000076b980000,0x000000079d080000)
  from space 19456K, 99% used [0x000000079e780000,0x000000079fa7fd30,0x000000079fa80000)
  to   space 23552K, 0% used [0x000000079d080000,0x000000079d080000,0x000000079e780000)
 ParOldGen       total 193536K, used 31603K [0x00000006c2c00000, 0x00000006ce900000, 0x000000076b980000)
  object space 193536K, 16% used [0x00000006c2c00000,0x00000006c4adce30,0x00000006ce900000)
 Metaspace       used 76066K, capacity 79750K, committed 80088K, reserved 1120256K
  class space    used 9227K, capacity 9858K, committed 9984K, reserved 1048576K
}
Event: 23.544 GC heap before
{Heap before GC invocations=14 (full 3):
 PSYoungGen      total 829440K, used 829439K [0x000000076b980000, 0x00000007a2600000, 0x00000007c0000000)
  eden space 809984K, 100% used [0x000000076b980000,0x000000079d080000,0x000000079d080000)
  from space 19456K, 99% used [0x000000079e780000,0x000000079fa7fd30,0x000000079fa80000)
  to   space 23552K, 0% used [0x000000079d080000,0x000000079d080000,0x000000079e780000)
 ParOldGen       total 193536K, used 31603K [0x00000006c2c00000, 0x00000006ce900000, 0x000000076b980000)
  object space 193536K, 16% used [0x00000006c2c00000,0x00000006c4adce30,0x00000006ce900000)
 Metaspace       used 85386K, capacity 89694K, committed 89944K, reserved 1128448K
  class space    used 10362K, capacity 11094K, committed 11136K, reserved 1048576K
Event: 23.568 GC heap after
Heap after GC invocations=14 (full 3):
 PSYoungGen      total 833536K, used 14572K [0x000000076b980000, 0x00000007ac500000, 0x00000007c0000000)
  eden space 809984K, 0% used [0x000000076b980000,0x000000076b980000,0x000000079d080000)
  from space 23552K, 61% used [0x000000079d080000,0x000000079debb2e8,0x000000079e780000)
  to   space 23552K, 0% used [0x00000007aae00000,0x00000007aae00000,0x00000007ac500000)
 ParOldGen       total 193536K, used 42750K [0x00000006c2c00000, 0x00000006ce900000, 0x000000076b980000)
  object space 193536K, 22% used [0x00000006c2c00000,0x00000006c55bfae0,0x00000006ce900000)
 Metaspace       used 85386K, capacity 89694K, committed 89944K, reserved 1128448K
  class space    used 10362K, capacity 11094K, committed 11136K, reserved 1048576K
}
Event: 26.100 GC heap before
{Heap before GC invocations=15 (full 3):
 PSYoungGen      total 833536K, used 422294K [0x000000076b980000, 0x00000007ac500000, 0x00000007c0000000)
  eden space 809984K, 50% used [0x000000076b980000,0x00000007847aa878,0x000000079d080000)
  from space 23552K, 61% used [0x000000079d080000,0x000000079debb2e8,0x000000079e780000)
  to   space 23552K, 0% used [0x00000007aae00000,0x00000007aae00000,0x00000007ac500000)
 ParOldGen       total 193536K, used 42750K [0x00000006c2c00000, 0x00000006ce900000, 0x000000076b980000)
  object space 193536K, 22% used [0x00000006c2c00000,0x00000006c55bfae0,0x00000006ce900000)
 Metaspace       used 93332K, capacity 98430K, committed 98496K, reserved 1136640K
  class space    used 11413K, capacity 12270K, committed 12288K, reserved 1048576K
Event: 26.116 GC heap after
Heap after GC invocations=15 (full 3):
 PSYoungGen      total 1018880K, used 18573K [0x000000076b980000, 0x00000007ac080000, 0x00000007c0000000)
  eden space 999936K, 0% used [0x000000076b980000,0x000000076b980000,0x00000007a8a00000)
  from space 18944K, 98% used [0x00000007aae00000,0x00000007ac0237b0,0x00000007ac080000)
  to   space 25088K, 0% used [0x00000007a8f80000,0x00000007a8f80000,0x00000007aa800000)
 ParOldGen       total 193536K, used 42758K [0x00000006c2c00000, 0x00000006ce900000, 0x000000076b980000)
  object space 193536K, 22% used [0x00000006c2c00000,0x00000006c55c1ae0,0x00000006ce900000)
 Metaspace       used 93332K, capacity 98430K, committed 98496K, reserved 1136640K
  class space    used 11413K, capacity 12270K, committed 12288K, reserved 1048576K
}
Event: 26.116 GC heap before
{Heap before GC invocations=16 (full 4):
 PSYoungGen      total 1018880K, used 18573K [0x000000076b980000, 0x00000007ac080000, 0x00000007c0000000)
  eden space 999936K, 0% used [0x000000076b980000,0x000000076b980000,0x00000007a8a00000)
  from space 18944K, 98% used [0x00000007aae00000,0x00000007ac0237b0,0x00000007ac080000)
  to   space 25088K, 0% used [0x00000007a8f80000,0x00000007a8f80000,0x00000007aa800000)
 ParOldGen       total 193536K, used 42758K [0x00000006c2c00000, 0x00000006ce900000, 0x000000076b980000)
  object space 193536K, 22% used [0x00000006c2c00000,0x00000006c55c1ae0,0x00000006ce900000)
 Metaspace       used 93332K, capacity 98430K, committed 98496K, reserved 1136640K
  class space    used 11413K, capacity 12270K, committed 12288K, reserved 1048576K
Event: 26.255 GC heap after
Heap after GC invocations=16 (full 4):
 PSYoungGen      total 1018880K, used 0K [0x000000076b980000, 0x00000007ac080000, 0x00000007c0000000)
  eden space 999936K, 0% used [0x000000076b980000,0x000000076b980000,0x00000007a8a00000)
  from space 18944K, 0% used [0x00000007aae00000,0x00000007aae00000,0x00000007ac080000)
  to   space 25088K, 0% used [0x00000007a8f80000,0x00000007a8f80000,0x00000007aa800000)
 ParOldGen       total 272384K, used 42566K [0x00000006c2c00000, 0x00000006d3600000, 0x000000076b980000)
  object space 272384K, 15% used [0x00000006c2c00000,0x00000006c5591a28,0x00000006d3600000)
 Metaspace       used 93332K, capacity 98430K, committed 98496K, reserved 1136640K
  class space    used 11413K, capacity 12270K, committed 12288K, reserved 1048576K
}

