# JRE version: Java(TM) SE Runtime Environment (8.0_311-b11) (build 1.8.0_311-b11)
# Java VM: Java HotSpot(TM) 64-Bit Server VM (25.311-b11 mixed mode windows-amd64 compressed oops)
Heap:
 PSYoungGen      total 224768K, used 26177K [0x000000076b980000, 0x0000000779f00000, 0x00000007c0000000)
  eden space 215552K, 7% used [0x000000076b980000,0x000000076ca16fc0,0x0000000778c00000)
  from space 9216K, 99% used [0x0000000779600000,0x0000000779ef9838,0x0000000779f00000)
  to   space 9728K, 0% used [0x0000000778c00000,0x0000000778c00000,0x0000000779580000)
 ParOldGen       total 167424K, used 19536K [0x00000006c2c00000, 0x00000006ccf80000, 0x000000076b980000)
  object space 167424K, 11% used [0x00000006c2c00000,0x00000006c3f14398,0x00000006ccf80000)
 Metaspace       used 47309K, capacity 49842K, committed 50176K, reserved 1093632K
  class space    used 5911K, capacity 6368K, committed 6400K, reserved 1048576K
GC Heap History (10 events):
Event: 2.634 GC heap before
{Heap before GC invocations=10 (full 1):
 PSYoungGen      total 162816K, used 162804K [0x000000076b980000, 0x0000000778c00000, 0x00000007c0000000)
  eden space 155136K, 100% used [0x000000076b980000,0x0000000775100000,0x0000000775100000)
  from space 7680K, 99% used [0x0000000775a00000,0x000000077617d0d8,0x0000000776180000)
  to   space 9216K, 0% used [0x0000000775100000,0x0000000775100000,0x0000000775a00000)
 ParOldGen       total 101376K, used 6767K [0x00000006c2c00000, 0x00000006c8f00000, 0x000000076b980000)
  object space 101376K, 6% used [0x00000006c2c00000,0x00000006c329bf10,0x00000006c8f00000)
 Metaspace       used 30537K, capacity 32182K, committed 32512K, reserved 1077248K
  class space    used 3662K, capacity 3990K, committed 4096K, reserved 1048576K
Event: 2.637 GC heap after
Heap after GC invocations=10 (full 1):
 PSYoungGen      total 164352K, used 6822K [0x000000076b980000, 0x0000000779f00000, 0x00000007c0000000)
  eden space 155136K, 0% used [0x000000076b980000,0x000000076b980000,0x0000000775100000)
  from space 9216K, 74% used [0x0000000775100000,0x00000007757a9bc0,0x0000000775a00000)
  to   space 9216K, 0% used [0x0000000779600000,0x0000000779600000,0x0000000779f00000)
 ParOldGen       total 101376K, used 7533K [0x00000006c2c00000, 0x00000006c8f00000, 0x000000076b980000)
  object space 101376K, 7% used [0x00000006c2c00000,0x00000006c335b7d8,0x00000006c8f00000)
 Metaspace       used 30537K, capacity 32182K, committed 32512K, reserved 1077248K
  class space    used 3662K, capacity 3990K, committed 4096K, reserved 1048576K
}
Event: 3.010 GC heap before
{Heap before GC invocations=11 (full 1):
 PSYoungGen      total 164352K, used 132688K [0x000000076b980000, 0x0000000779f00000, 0x00000007c0000000)
  eden space 155136K, 81% used [0x000000076b980000,0x000000077346a5d8,0x0000000775100000)
  from space 9216K, 74% used [0x0000000775100000,0x00000007757a9bc0,0x0000000775a00000)
  to   space 9216K, 0% used [0x0000000779600000,0x0000000779600000,0x0000000779f00000)
 ParOldGen       total 101376K, used 7533K [0x00000006c2c00000, 0x00000006c8f00000, 0x000000076b980000)
  object space 101376K, 7% used [0x00000006c2c00000,0x00000006c335b7d8,0x00000006c8f00000)
 Metaspace       used 33595K, capacity 35332K, committed 35456K, reserved 1081344K
  class space    used 4046K, capacity 4405K, committed 4480K, reserved 1048576K
Event: 3.016 GC heap after
Heap after GC invocations=11 (full 1):
 PSYoungGen      total 224768K, used 7691K [0x000000076b980000, 0x0000000779f00000, 0x00000007c0000000)
  eden space 215552K, 0% used [0x000000076b980000,0x000000076b980000,0x0000000778c00000)
  from space 9216K, 83% used [0x0000000779600000,0x0000000779d82d28,0x0000000779f00000)
  to   space 9728K, 0% used [0x0000000778c00000,0x0000000778c00000,0x0000000779580000)
 ParOldGen       total 101376K, used 10900K [0x00000006c2c00000, 0x00000006c8f00000, 0x000000076b980000)
  object space 101376K, 10% used [0x00000006c2c00000,0x00000006c36a5248,0x00000006c8f00000)
 Metaspace       used 33595K, capacity 35332K, committed 35456K, reserved 1081344K
  class space    used 4046K, capacity 4405K, committed 4480K, reserved 1048576K
}
Event: 3.016 GC heap before
{Heap before GC invocations=12 (full 2):
 PSYoungGen      total 224768K, used 7691K [0x000000076b980000, 0x0000000779f00000, 0x00000007c0000000)
  eden space 215552K, 0% used [0x000000076b980000,0x000000076b980000,0x0000000778c00000)
  from space 9216K, 83% used [0x0000000779600000,0x0000000779d82d28,0x0000000779f00000)
  to   space 9728K, 0% used [0x0000000778c00000,0x0000000778c00000,0x0000000779580000)
 ParOldGen       total 101376K, used 10900K [0x00000006c2c00000, 0x00000006c8f00000, 0x000000076b980000)
  object space 101376K, 10% used [0x00000006c2c00000,0x00000006c36a5248,0x00000006c8f00000)
 Metaspace       used 33595K, capacity 35332K, committed 35456K, reserved 1081344K
  class space    used 4046K, capacity 4405K, committed 4480K, reserved 1048576K
Event: 3.061 GC heap after
Heap after GC invocations=12 (full 2):
 PSYoungGen      total 224768K, used 0K [0x000000076b980000, 0x0000000779f00000, 0x00000007c0000000)
  eden space 215552K, 0% used [0x000000076b980000,0x000000076b980000,0x0000000778c00000)
  from space 9216K, 0% used [0x0000000779600000,0x0000000779600000,0x0000000779f00000)
  to   space 9728K, 0% used [0x0000000778c00000,0x0000000778c00000,0x0000000779580000)
 ParOldGen       total 167424K, used 16377K [0x00000006c2c00000, 0x00000006ccf80000, 0x000000076b980000)
  object space 167424K, 9% used [0x00000006c2c00000,0x00000006c3bfe788,0x00000006ccf80000)
 Metaspace       used 33595K, capacity 35332K, committed 35456K, reserved 1081344K
  class space    used 4046K, capacity 4405K, committed 4480K, reserved 1048576K
}
Event: 4.187 GC heap before
{Heap before GC invocations=13 (full 2):
 PSYoungGen      total 224768K, used 215552K [0x000000076b980000, 0x0000000779f00000, 0x00000007c0000000)
  eden space 215552K, 100% used [0x000000076b980000,0x0000000778c00000,0x0000000778c00000)
  from space 9216K, 0% used [0x0000000779600000,0x0000000779600000,0x0000000779f00000)
  to   space 9728K, 0% used [0x0000000778c00000,0x0000000778c00000,0x0000000779580000)
 ParOldGen       total 167424K, used 16377K [0x00000006c2c00000, 0x00000006ccf80000, 0x000000076b980000)
  object space 167424K, 9% used [0x00000006c2c00000,0x00000006c3bfe788,0x00000006ccf80000)
 Metaspace       used 39202K, capacity 41320K, committed 41600K, reserved 1085440K
  class space    used 4731K, capacity 5125K, committed 5248K, reserved 1048576K
Event: 4.193 GC heap after
Heap after GC invocations=13 (full 2):
 PSYoungGen      total 225280K, used 9104K [0x000000076b980000, 0x0000000779f00000, 0x00000007c0000000)
  eden space 215552K, 0% used [0x000000076b980000,0x000000076b980000,0x0000000778c00000)
  from space 9728K, 93% used [0x0000000778c00000,0x00000007794e4110,0x0000000779580000)
  to   space 9216K, 0% used [0x0000000779600000,0x0000000779600000,0x0000000779f00000)
 ParOldGen       total 167424K, used 16385K [0x00000006c2c00000, 0x00000006ccf80000, 0x000000076b980000)
  object space 167424K, 9% used [0x00000006c2c00000,0x00000006c3c00788,0x00000006ccf80000)
 Metaspace       used 39202K, capacity 41320K, committed 41600K, reserved 1085440K
  class space    used 4731K, capacity 5125K, committed 5248K, reserved 1048576K
}
Event: 5.360 GC heap before
{Heap before GC invocations=14 (full 2):
 PSYoungGen      total 225280K, used 224656K [0x000000076b980000, 0x0000000779f00000, 0x00000007c0000000)
  eden space 215552K, 100% used [0x000000076b980000,0x0000000778c00000,0x0000000778c00000)
  from space 9728K, 93% used [0x0000000778c00000,0x00000007794e4110,0x0000000779580000)
  to   space 9216K, 0% used [0x0000000779600000,0x0000000779600000,0x0000000779f00000)
 ParOldGen       total 167424K, used 16385K [0x00000006c2c00000, 0x00000006ccf80000, 0x000000076b980000)
  object space 167424K, 9% used [0x00000006c2c00000,0x00000006c3c00788,0x00000006ccf80000)
 Metaspace       used 46735K, capacity 49288K, committed 49408K, reserved 1091584K
  class space    used 5843K, capacity 6333K, committed 6400K, reserved 1048576K
Event: 5.371 GC heap after
Heap after GC invocations=14 (full 2):
 PSYoungGen      total 224768K, used 9190K [0x000000076b980000, 0x0000000779f00000, 0x00000007c0000000)
  eden space 215552K, 0% used [0x000000076b980000,0x000000076b980000,0x0000000778c00000)
  from space 9216K, 99% used [0x0000000779600000,0x0000000779ef9838,0x0000000779f00000)
  to   space 9728K, 0% used [0x0000000778c00000,0x0000000778c00000,0x0000000779580000)
 ParOldGen       total 167424K, used 19536K [0x00000006c2c00000, 0x00000006ccf80000, 0x000000076b980000)
  object space 167424K, 11% used [0x00000006c2c00000,0x00000006c3f14398,0x00000006ccf80000)
 Metaspace       used 46735K, capacity 49288K, committed 49408K, reserved 1091584K
  class space    used 5843K, capacity 6333K, committed 6400K, reserved 1048576K
}

