# JRE version: Java(TM) SE Runtime Environment (8.0_311-b11) (build 1.8.0_311-b11)
# Java VM: Java HotSpot(TM) 64-Bit Server VM (25.311-b11 mixed mode windows-amd64 compressed oops)
Heap:
 PSYoungGen      total 465408K, used 355634K [0x000000076b980000, 0x000000078b500000, 0x00000007c0000000)
  eden space 444928K, 75% used [0x000000076b980000,0x00000007800cf4f0,0x0000000786c00000)
  from space 20480K, 99% used [0x000000078a100000,0x000000078b4fd5e0,0x000000078b500000)
  to   space 27648K, 0% used [0x0000000787f00000,0x0000000787f00000,0x0000000789a00000)
 ParOldGen       total 175104K, used 40704K [0x00000006c2c00000, 0x00000006cd700000, 0x000000076b980000)
  object space 175104K, 23% used [0x00000006c2c00000,0x00000006c53c01c8,0x00000006cd700000)
 Metaspace       used 72390K, capacity 77192K, committed 77312K, reserved 1116160K
  class space    used 10367K, capacity 11201K, committed 11264K, reserved 1048576K
GC Heap History (10 events):
Event: 2.353 GC heap before
{Heap before GC invocations=9 (full 2):
 PSYoungGen      total 236544K, used 12710K [0x000000076b980000, 0x0000000784080000, 0x00000007c0000000)
  eden space 220160K, 0% used [0x000000076b980000,0x000000076b980000,0x0000000779080000)
  from space 16384K, 77% used [0x0000000779080000,0x0000000779ce9878,0x000000077a080000)
  to   space 16896K, 0% used [0x0000000783000000,0x0000000783000000,0x0000000784080000)
 ParOldGen       total 87552K, used 11133K [0x00000006c2c00000, 0x00000006c8180000, 0x000000076b980000)
  object space 87552K, 12% used [0x00000006c2c00000,0x00000006c36df5e0,0x00000006c8180000)
 Metaspace       used 33058K, capacity 35398K, committed 35416K, reserved 1079296K
  class space    used 4670K, capacity 5102K, committed 5120K, reserved 1048576K
Event: 2.388 GC heap after
Heap after GC invocations=9 (full 2):
 PSYoungGen      total 236544K, used 0K [0x000000076b980000, 0x0000000784080000, 0x00000007c0000000)
  eden space 220160K, 0% used [0x000000076b980000,0x000000076b980000,0x0000000779080000)
  from space 16384K, 0% used [0x0000000779080000,0x0000000779080000,0x000000077a080000)
  to   space 16896K, 0% used [0x0000000783000000,0x0000000783000000,0x0000000784080000)
 ParOldGen       total 127488K, used 17792K [0x00000006c2c00000, 0x00000006ca880000, 0x000000076b980000)
  object space 127488K, 13% used [0x00000006c2c00000,0x00000006c3d60078,0x00000006ca880000)
 Metaspace       used 33058K, capacity 35398K, committed 35416K, reserved 1079296K
  class space    used 4670K, capacity 5102K, committed 5120K, reserved 1048576K
}
Event: 3.644 GC heap before
{Heap before GC invocations=10 (full 2):
 PSYoungGen      total 236544K, used 220160K [0x000000076b980000, 0x0000000784080000, 0x00000007c0000000)
  eden space 220160K, 100% used [0x000000076b980000,0x0000000779080000,0x0000000779080000)
  from space 16384K, 0% used [0x0000000779080000,0x0000000779080000,0x000000077a080000)
  to   space 16896K, 0% used [0x0000000783000000,0x0000000783000000,0x0000000784080000)
 ParOldGen       total 127488K, used 17792K [0x00000006c2c00000, 0x00000006ca880000, 0x000000076b980000)
  object space 127488K, 13% used [0x00000006c2c00000,0x00000006c3d60078,0x00000006ca880000)
 Metaspace       used 52007K, capacity 54800K, committed 54912K, reserved 1095680K
  class space    used 7464K, capacity 8009K, committed 8064K, reserved 1048576K
Event: 3.656 GC heap after
Heap after GC invocations=10 (full 2):
 PSYoungGen      total 372224K, used 16884K [0x000000076b980000, 0x0000000784080000, 0x00000007c0000000)
  eden space 355328K, 0% used [0x000000076b980000,0x000000076b980000,0x0000000781480000)
  from space 16896K, 99% used [0x0000000783000000,0x000000078407d1b8,0x0000000784080000)
  to   space 20992K, 0% used [0x0000000781780000,0x0000000781780000,0x0000000782c00000)
 ParOldGen       total 127488K, used 22395K [0x00000006c2c00000, 0x00000006ca880000, 0x000000076b980000)
  object space 127488K, 17% used [0x00000006c2c00000,0x00000006c41deeb0,0x00000006ca880000)
 Metaspace       used 52007K, capacity 54800K, committed 54912K, reserved 1095680K
  class space    used 7464K, capacity 8009K, committed 8064K, reserved 1048576K
}
Event: 3.991 GC heap before
{Heap before GC invocations=11 (full 2):
 PSYoungGen      total 372224K, used 88232K [0x000000076b980000, 0x0000000784080000, 0x00000007c0000000)
  eden space 355328K, 20% used [0x000000076b980000,0x000000076ff2cf20,0x0000000781480000)
  from space 16896K, 99% used [0x0000000783000000,0x000000078407d1b8,0x0000000784080000)
  to   space 20992K, 0% used [0x0000000781780000,0x0000000781780000,0x0000000782c00000)
 ParOldGen       total 127488K, used 22395K [0x00000006c2c00000, 0x00000006ca880000, 0x000000076b980000)
  object space 127488K, 17% used [0x00000006c2c00000,0x00000006c41deeb0,0x00000006ca880000)
 Metaspace       used 55626K, capacity 58984K, committed 59008K, reserved 1099776K
  class space    used 7966K, capacity 8567K, committed 8576K, reserved 1048576K
Event: 3.997 GC heap after
Heap after GC invocations=11 (full 2):
 PSYoungGen      total 379392K, used 12335K [0x000000076b980000, 0x000000078b500000, 0x00000007c0000000)
  eden space 358400K, 0% used [0x000000076b980000,0x000000076b980000,0x0000000781780000)
  from space 20992K, 58% used [0x0000000781780000,0x000000078238bcc8,0x0000000782c00000)
  to   space 20480K, 0% used [0x000000078a100000,0x000000078a100000,0x000000078b500000)
 ParOldGen       total 127488K, used 22403K [0x00000006c2c00000, 0x00000006ca880000, 0x000000076b980000)
  object space 127488K, 17% used [0x00000006c2c00000,0x00000006c41e0eb0,0x00000006ca880000)
 Metaspace       used 55626K, capacity 58984K, committed 59008K, reserved 1099776K
  class space    used 7966K, capacity 8567K, committed 8576K, reserved 1048576K
}
Event: 3.997 GC heap before
{Heap before GC invocations=12 (full 3):
 PSYoungGen      total 379392K, used 12335K [0x000000076b980000, 0x000000078b500000, 0x00000007c0000000)
  eden space 358400K, 0% used [0x000000076b980000,0x000000076b980000,0x0000000781780000)
  from space 20992K, 58% used [0x0000000781780000,0x000000078238bcc8,0x0000000782c00000)
  to   space 20480K, 0% used [0x000000078a100000,0x000000078a100000,0x000000078b500000)
 ParOldGen       total 127488K, used 22403K [0x00000006c2c00000, 0x00000006ca880000, 0x000000076b980000)
  object space 127488K, 17% used [0x00000006c2c00000,0x00000006c41e0eb0,0x00000006ca880000)
 Metaspace       used 55626K, capacity 58984K, committed 59008K, reserved 1099776K
  class space    used 7966K, capacity 8567K, committed 8576K, reserved 1048576K
Event: 4.131 GC heap after
Heap after GC invocations=12 (full 3):
 PSYoungGen      total 379392K, used 0K [0x000000076b980000, 0x000000078b500000, 0x00000007c0000000)
  eden space 358400K, 0% used [0x000000076b980000,0x000000076b980000,0x0000000781780000)
  from space 20992K, 0% used [0x0000000781780000,0x0000000781780000,0x0000000782c00000)
  to   space 20480K, 0% used [0x000000078a100000,0x000000078a100000,0x000000078b500000)
 ParOldGen       total 175104K, used 27549K [0x00000006c2c00000, 0x00000006cd700000, 0x000000076b980000)
  object space 175104K, 15% used [0x00000006c2c00000,0x00000006c46e76e8,0x00000006cd700000)
 Metaspace       used 55626K, capacity 58984K, committed 59008K, reserved 1099776K
  class space    used 7966K, capacity 8567K, committed 8576K, reserved 1048576K
}
Event: 5.004 GC heap before
{Heap before GC invocations=13 (full 3):
 PSYoungGen      total 379392K, used 358400K [0x000000076b980000, 0x000000078b500000, 0x00000007c0000000)
  eden space 358400K, 100% used [0x000000076b980000,0x0000000781780000,0x0000000781780000)
  from space 20992K, 0% used [0x0000000781780000,0x0000000781780000,0x0000000782c00000)
  to   space 20480K, 0% used [0x000000078a100000,0x000000078a100000,0x000000078b500000)
 ParOldGen       total 175104K, used 27549K [0x00000006c2c00000, 0x00000006cd700000, 0x000000076b980000)
  object space 175104K, 15% used [0x00000006c2c00000,0x00000006c46e76e8,0x00000006cd700000)
 Metaspace       used 66270K, capacity 70074K, committed 70272K, reserved 1110016K
  class space    used 9448K, capacity 10106K, committed 10112K, reserved 1048576K
Event: 5.018 GC heap after
Heap after GC invocations=13 (full 3):
 PSYoungGen      total 465408K, used 20469K [0x000000076b980000, 0x000000078b500000, 0x00000007c0000000)
  eden space 444928K, 0% used [0x000000076b980000,0x000000076b980000,0x0000000786c00000)
  from space 20480K, 99% used [0x000000078a100000,0x000000078b4fd5e0,0x000000078b500000)
  to   space 27648K, 0% used [0x0000000787f00000,0x0000000787f00000,0x0000000789a00000)
 ParOldGen       total 175104K, used 40704K [0x00000006c2c00000, 0x00000006cd700000, 0x000000076b980000)
  object space 175104K, 23% used [0x00000006c2c00000,0x00000006c53c01c8,0x00000006cd700000)
 Metaspace       used 66270K, capacity 70074K, committed 70272K, reserved 1110016K
  class space    used 9448K, capacity 10106K, committed 10112K, reserved 1048576K
}

